2025-11-02 20:30:14 - [1;34m__main__[0m - [1;32mINFO[0m - Logging initialized - Console: INFO, File: DEBUG. Log file: /home/shorin/.config/clipse-gui/clipse-gui.log
2025-11-02 20:30:14 - clipse_gui.app - DEBUG - Application org.d7om.ClipseGUI starting up.
2025-11-02 20:30:14 - clipse_gui.app - DEBUG - Activating application - creating main window.
2025-11-02 20:30:14 - clipse_gui.controller - DEBUG - Detected session type: Wayland
2025-11-02 20:30:14 - clipse_gui.data_manager - DEBUG - DataManager initialized with history file: /home/shorin/.config/clipse/clipboard_history.json
2025-11-02 20:30:14 - clipse_gui.ui_builder - DEBUG - Building main window UI content.
2025-11-02 20:30:14 - clipse_gui.controller - DEBUG - Connecting signals.
2025-11-02 20:30:14 - clipse_gui.controller - DEBUG - Creating and adding application CSS provider.
2025-11-02 20:30:14 - [1;34mclipse_gui.data_manager[0m - [1;32mINFO[0m - History file not found: /home/shorin/.config/clipse/clipboard_history.json. Starting fresh.
2025-11-02 20:30:14 - clipse_gui.data_manager - DEBUG - Starting history watcher for /home/shorin/.config/clipse/clipboard_history.json every 300ms
2025-11-02 20:30:14 - clipse_gui.controller - DEBUG - Zoom updated to 1.00
2025-11-02 20:30:14 - clipse_gui.controller - DEBUG - Populating initial 0 rows.
2025-11-02 20:30:14 - clipse_gui.app - DEBUG - Main window created and shown.
2025-11-02 20:30:14 - clipse_gui.controller - DEBUG - Populating initial 0 rows.
2025-11-02 20:30:29 - clipse_gui.tray_manager - DEBUG - AppIndicator created and set to ACTIVE
2025-11-02 20:30:29 - clipse_gui.tray_manager - DEBUG - Showing tray icon
2025-11-02 20:30:29 - [1;34mclipse_gui.data_manager[0m - [1;32mINFO[0m - History file not found: /home/shorin/.config/clipse/clipboard_history.json. Starting fresh.
2025-11-02 20:30:34 - clipse_gui.tray_manager - DEBUG - Showing tray icon
2025-11-02 20:30:34 - [1;34mclipse_gui.data_manager[0m - [1;32mINFO[0m - History file not found: /home/shorin/.config/clipse/clipboard_history.json. Starting fresh.
2025-11-02 20:30:45 - clipse_gui.tray_manager - DEBUG - Showing tray icon
2025-11-02 20:30:45 - [1;34mclipse_gui.data_manager[0m - [1;32mINFO[0m - History file not found: /home/shorin/.config/clipse/clipboard_history.json. Starting fresh.
2025-11-02 20:31:36 - clipse_gui.tray_manager - DEBUG - Showing tray icon
2025-11-02 20:31:36 - [1;34mclipse_gui.data_manager[0m - [1;32mINFO[0m - History file not found: /home/shorin/.config/clipse/clipboard_history.json. Starting fresh.
2025-11-02 20:35:28 - [1;34m__main__[0m - [1;32mINFO[0m - Logging initialized - Console: INFO, File: DEBUG. Log file: /home/shorin/.config/clipse-gui/clipse-gui.log
2025-11-02 20:35:28 - clipse_gui.app - DEBUG - Application org.d7om.ClipseGUI starting up.
2025-11-02 20:35:28 - clipse_gui.app - DEBUG - Activating application - creating main window.
2025-11-02 20:35:28 - clipse_gui.controller - DEBUG - Detected session type: Wayland
2025-11-02 20:35:28 - clipse_gui.data_manager - DEBUG - DataManager initialized with history file: /home/shorin/.config/clipse/clipboard_history.json
2025-11-02 20:35:28 - clipse_gui.ui_builder - DEBUG - Building main window UI content.
2025-11-02 20:35:28 - clipse_gui.controller - DEBUG - Connecting signals.
2025-11-02 20:35:28 - clipse_gui.controller - DEBUG - Creating and adding application CSS provider.
2025-11-02 20:35:28 - [1;34mclipse_gui.data_manager[0m - [1;32mINFO[0m - History file not found: /home/shorin/.config/clipse/clipboard_history.json. Starting fresh.
2025-11-02 20:35:28 - clipse_gui.data_manager - DEBUG - Starting history watcher for /home/shorin/.config/clipse/clipboard_history.json every 300ms
2025-11-02 20:35:28 - clipse_gui.controller - DEBUG - Zoom updated to 1.00
2025-11-02 20:35:28 - clipse_gui.controller - DEBUG - Populating initial 0 rows.
2025-11-02 20:35:28 - clipse_gui.app - DEBUG - Main window created and shown.
2025-11-02 20:35:28 - clipse_gui.controller - DEBUG - Populating initial 0 rows.
2025-11-02 20:35:28 - clipse_gui.tray_manager - DEBUG - AppIndicator created and set to ACTIVE
2025-11-02 20:35:28 - clipse_gui.tray_manager - DEBUG - Showing tray icon
2025-11-02 20:35:29 - [1;34mclipse_gui.data_manager[0m - [1;32mINFO[0m - History file not found: /home/shorin/.config/clipse/clipboard_history.json. Starting fresh.
2025-11-02 20:37:41 - clipse_gui.controller - DEBUG - Triggering filter update for search: 'sss'
2025-11-02 20:37:41 - clipse_gui.controller - DEBUG - Populating initial 0 rows.
2025-11-02 20:37:41 - clipse_gui.tray_manager - DEBUG - Showing tray icon
2025-11-02 20:37:41 - [1;34mclipse_gui.data_manager[0m - [1;32mINFO[0m - History file not found: /home/shorin/.config/clipse/clipboard_history.json. Starting fresh.
2025-11-02 20:38:57 - clipse_gui.data_manager - DEBUG - History file change detected (/home/shorin/.config/clipse/clipboard_history.json). Reloading...
2025-11-02 20:38:57 - clipse_gui.data_manager - DEBUG - Loaded 0 items from /home/shorin/.config/clipse/clipboard_history.json
2025-11-02 20:38:57 - clipse_gui.controller - DEBUG - Received history update signal from DataManager.
2025-11-02 20:38:57 - clipse_gui.controller - DEBUG - Populating initial 0 rows.
2025-11-02 20:38:58 - clipse_gui.data_manager - DEBUG - History file change detected (/home/shorin/.config/clipse/clipboard_history.json). Reloading...
2025-11-02 20:38:58 - clipse_gui.data_manager - DEBUG - Loaded 1 items from /home/shorin/.config/clipse/clipboard_history.json
2025-11-02 20:38:58 - clipse_gui.controller - DEBUG - Received history update signal from DataManager.
2025-11-02 20:38:58 - clipse_gui.controller - DEBUG - Populating initial 0 rows.
2025-11-02 20:39:06 - clipse_gui.data_manager - DEBUG - History file change detected (/home/shorin/.config/clipse/clipboard_history.json). Reloading...
2025-11-02 20:39:06 - clipse_gui.data_manager - DEBUG - Loaded 2 items from /home/shorin/.config/clipse/clipboard_history.json
2025-11-02 20:39:06 - clipse_gui.controller - DEBUG - Received history update signal from DataManager.
2025-11-02 20:39:06 - clipse_gui.controller - DEBUG - Populating initial 0 rows.
2025-11-02 20:39:10 - clipse_gui.controller - DEBUG - Triggering filter update for search: ''
2025-11-02 20:39:10 - clipse_gui.controller - DEBUG - Populating initial 2 rows.
2025-11-02 20:39:10 - clipse_gui.controller - DEBUG - Creating rows from filtered index 0 to 1
2025-11-02 20:39:13 - clipse_gui.controller - DEBUG - Row activated: original_index=N/A
2025-11-02 20:39:13 - [1;34mclipse_gui.controller[0m - [1;32mINFO[0m - Image copied successfully.
2025-11-02 20:39:13 - clipse_gui.controller - DEBUG - Hiding window and scheduling paste simulation.
2025-11-02 20:39:13 - clipse_gui.controller - DEBUG - Attempting paste simulation...
2025-11-02 20:39:13 - clipse_gui.controller - DEBUG - Executing paste simulation command: ['wtype', '-M', 'ctrl', '-P', 'v', '-p', 'v', '-m', 'ctrl']
2025-11-02 20:39:13 - [1;34mclipse_gui.controller[0m - [1;32mINFO[0m - Paste simulation (wtype) command successful.
2025-11-02 20:39:13 - [1;34mclipse_gui.controller[0m - [1;32mINFO[0m - Paste simulation command successful.
2025-11-02 20:39:13 - [1;34mclipse_gui.controller[0m - [1;32mINFO[0m - Quitting application.
2025-11-02 20:39:13 - clipse_gui.app - DEBUG - Application org.d7om.ClipseGUI shutting down.
2025-11-02 20:39:13 - [1;34m__main__[0m - [1;32mINFO[0m - Application exited with status 0.
2025-11-02 20:39:20 - [1;34m__main__[0m - [1;32mINFO[0m - Logging initialized - Console: INFO, File: DEBUG. Log file: /home/shorin/.config/clipse-gui/clipse-gui.log
2025-11-02 20:39:20 - clipse_gui.app - DEBUG - Application org.d7om.ClipseGUI starting up.
2025-11-02 20:39:20 - clipse_gui.app - DEBUG - Activating application - creating main window.
2025-11-02 20:39:20 - clipse_gui.controller - DEBUG - Detected session type: Wayland
2025-11-02 20:39:20 - clipse_gui.data_manager - DEBUG - DataManager initialized with history file: /home/shorin/.config/clipse/clipboard_history.json
2025-11-02 20:39:20 - clipse_gui.ui_builder - DEBUG - Building main window UI content.
2025-11-02 20:39:20 - clipse_gui.controller - DEBUG - Connecting signals.
2025-11-02 20:39:20 - clipse_gui.controller - DEBUG - Creating and adding application CSS provider.
2025-11-02 20:39:20 - clipse_gui.data_manager - DEBUG - Loaded 3 items from /home/shorin/.config/clipse/clipboard_history.json
2025-11-02 20:39:20 - clipse_gui.data_manager - DEBUG - Starting history watcher for /home/shorin/.config/clipse/clipboard_history.json every 300ms
2025-11-02 20:39:20 - clipse_gui.controller - DEBUG - Zoom updated to 1.00
2025-11-02 20:39:20 - clipse_gui.controller - DEBUG - Populating initial 0 rows.
2025-11-02 20:39:20 - clipse_gui.app - DEBUG - Main window created and shown.
2025-11-02 20:39:20 - clipse_gui.controller - DEBUG - Populating initial 3 rows.
2025-11-02 20:39:20 - clipse_gui.controller - DEBUG - Creating rows from filtered index 0 to 2
2025-11-02 20:39:24 - clipse_gui.tray_manager - DEBUG - AppIndicator created and set to ACTIVE
2025-11-02 20:39:24 - clipse_gui.tray_manager - DEBUG - Showing tray icon
2025-11-02 20:39:24 - clipse_gui.data_manager - DEBUG - Loaded 3 items from /home/shorin/.config/clipse/clipboard_history.json
2025-11-02 20:39:36 - clipse_gui.data_manager - DEBUG - History file change detected (/home/shorin/.config/clipse/clipboard_history.json). Reloading...
2025-11-02 20:39:36 - clipse_gui.data_manager - DEBUG - Loaded 4 items from /home/shorin/.config/clipse/clipboard_history.json
2025-11-02 20:39:36 - clipse_gui.controller - DEBUG - Received history update signal from DataManager.
2025-11-02 20:39:36 - clipse_gui.controller - DEBUG - Populating initial 4 rows.
2025-11-02 20:39:36 - clipse_gui.controller - DEBUG - Creating rows from filtered index 0 to 3
2025-11-02 20:41:04 - clipse_gui.data_manager - DEBUG - History file change detected (/home/shorin/.config/clipse/clipboard_history.json). Reloading...
2025-11-02 20:41:04 - clipse_gui.data_manager - DEBUG - Loaded 5 items from /home/shorin/.config/clipse/clipboard_history.json
2025-11-02 20:41:04 - clipse_gui.controller - DEBUG - Received history update signal from DataManager.
2025-11-02 20:41:04 - clipse_gui.controller - DEBUG - Populating initial 5 rows.
2025-11-02 20:41:04 - clipse_gui.controller - DEBUG - Creating rows from filtered index 0 to 4
2025-11-02 20:41:25 - clipse_gui.data_manager - DEBUG - History file change detected (/home/shorin/.config/clipse/clipboard_history.json). Reloading...
2025-11-02 20:41:25 - clipse_gui.data_manager - DEBUG - Loaded 6 items from /home/shorin/.config/clipse/clipboard_history.json
2025-11-02 20:41:25 - clipse_gui.controller - DEBUG - Received history update signal from DataManager.
2025-11-02 20:41:25 - clipse_gui.controller - DEBUG - Populating initial 6 rows.
2025-11-02 20:41:25 - clipse_gui.controller - DEBUG - Creating rows from filtered index 0 to 5
2025-11-02 20:44:45 - clipse_gui.data_manager - DEBUG - History file change detected (/home/shorin/.config/clipse/clipboard_history.json). Reloading...
2025-11-02 20:44:45 - clipse_gui.data_manager - DEBUG - Loaded 6 items from /home/shorin/.config/clipse/clipboard_history.json
2025-11-02 20:44:45 - clipse_gui.controller - DEBUG - Received history update signal from DataManager.
2025-11-02 20:44:45 - clipse_gui.controller - DEBUG - Populating initial 6 rows.
2025-11-02 20:44:45 - clipse_gui.controller - DEBUG - Creating rows from filtered index 0 to 5
2025-11-02 20:45:49 - clipse_gui.data_manager - DEBUG - History file change detected (/home/shorin/.config/clipse/clipboard_history.json). Reloading...
2025-11-02 20:45:49 - clipse_gui.data_manager - DEBUG - Loaded 6 items from /home/shorin/.config/clipse/clipboard_history.json
2025-11-02 20:45:49 - clipse_gui.controller - DEBUG - Received history update signal from DataManager.
2025-11-02 20:45:49 - clipse_gui.controller - DEBUG - Populating initial 6 rows.
2025-11-02 20:45:49 - clipse_gui.controller - DEBUG - Creating rows from filtered index 0 to 5
2025-11-02 20:46:03 - clipse_gui.data_manager - DEBUG - History file change detected (/home/shorin/.config/clipse/clipboard_history.json). Reloading...
2025-11-02 20:46:03 - clipse_gui.data_manager - DEBUG - Loaded 7 items from /home/shorin/.config/clipse/clipboard_history.json
2025-11-02 20:46:03 - clipse_gui.controller - DEBUG - Received history update signal from DataManager.
2025-11-02 20:46:03 - clipse_gui.controller - DEBUG - Populating initial 7 rows.
2025-11-02 20:46:03 - clipse_gui.controller - DEBUG - Creating rows from filtered index 0 to 6
2025-11-02 20:46:12 - clipse_gui.controller - DEBUG - Row activated: original_index=N/A
2025-11-02 20:46:12 - [1;34mclipse_gui.controller[0m - [1;32mINFO[0m - Image copied successfully.
2025-11-02 20:46:12 - clipse_gui.controller - DEBUG - Hiding window and scheduling paste simulation.
2025-11-02 20:46:12 - clipse_gui.data_manager - DEBUG - History file change detected (/home/shorin/.config/clipse/clipboard_history.json). Reloading...
2025-11-02 20:46:12 - clipse_gui.data_manager - DEBUG - Loaded 7 items from /home/shorin/.config/clipse/clipboard_history.json
2025-11-02 20:46:12 - clipse_gui.controller - DEBUG - Received history update signal from DataManager.
2025-11-02 20:46:12 - clipse_gui.controller - DEBUG - Populating initial 7 rows.
2025-11-02 20:46:12 - clipse_gui.controller - DEBUG - Creating rows from filtered index 0 to 6
2025-11-02 20:46:12 - clipse_gui.controller - DEBUG - Attempting paste simulation...
2025-11-02 20:46:12 - clipse_gui.controller - DEBUG - Executing paste simulation command: ['wtype', '-M', 'ctrl', '-P', 'v', '-p', 'v', '-m', 'ctrl']
2025-11-02 20:46:12 - [1;34mclipse_gui.controller[0m - [1;32mINFO[0m - Paste simulation (wtype) command successful.
2025-11-02 20:46:12 - [1;34mclipse_gui.controller[0m - [1;32mINFO[0m - Paste simulation command successful.
2025-11-02 20:46:12 - [1;34mclipse_gui.controller[0m - [1;32mINFO[0m - Quitting application.
2025-11-02 20:46:12 - clipse_gui.app - DEBUG - Application org.d7om.ClipseGUI shutting down.
2025-11-02 20:46:12 - [1;34m__main__[0m - [1;32mINFO[0m - Application exited with status 0.
2025-11-02 20:46:15 - [1;34m__main__[0m - [1;32mINFO[0m - Logging initialized - Console: INFO, File: DEBUG. Log file: /home/shorin/.config/clipse-gui/clipse-gui.log
2025-11-02 20:46:15 - clipse_gui.app - DEBUG - Application org.d7om.ClipseGUI starting up.
2025-11-02 20:46:15 - clipse_gui.app - DEBUG - Activating application - creating main window.
2025-11-02 20:46:15 - clipse_gui.controller - DEBUG - Detected session type: Wayland
2025-11-02 20:46:15 - clipse_gui.data_manager - DEBUG - DataManager initialized with history file: /home/shorin/.config/clipse/clipboard_history.json
2025-11-02 20:46:15 - clipse_gui.ui_builder - DEBUG - Building main window UI content.
2025-11-02 20:46:15 - clipse_gui.controller - DEBUG - Connecting signals.
2025-11-02 20:46:15 - clipse_gui.controller - DEBUG - Creating and adding application CSS provider.
2025-11-02 20:46:15 - clipse_gui.data_manager - DEBUG - Loaded 7 items from /home/shorin/.config/clipse/clipboard_history.json
2025-11-02 20:46:15 - clipse_gui.data_manager - DEBUG - Starting history watcher for /home/shorin/.config/clipse/clipboard_history.json every 300ms
2025-11-02 20:46:15 - clipse_gui.controller - DEBUG - Zoom updated to 1.00
2025-11-02 20:46:15 - clipse_gui.controller - DEBUG - Populating initial 0 rows.
2025-11-02 20:46:15 - clipse_gui.app - DEBUG - Main window created and shown.
2025-11-02 20:46:15 - clipse_gui.controller - DEBUG - Populating initial 7 rows.
2025-11-02 20:46:15 - clipse_gui.controller - DEBUG - Creating rows from filtered index 0 to 6
2025-11-02 20:46:16 - clipse_gui.tray_manager - DEBUG - AppIndicator created and set to ACTIVE
2025-11-02 20:46:16 - clipse_gui.tray_manager - DEBUG - Showing tray icon
2025-11-02 20:46:16 - clipse_gui.data_manager - DEBUG - Loaded 7 items from /home/shorin/.config/clipse/clipboard_history.json
2025-11-02 20:46:17 - [1;34m__main__[0m - [1;32mINFO[0m - Logging initialized - Console: INFO, File: DEBUG. Log file: /home/shorin/.config/clipse-gui/clipse-gui.log
2025-11-02 20:46:17 - clipse_gui.app - DEBUG - Application already active - presenting existing window.
2025-11-02 20:46:17 - [1;34m__main__[0m - [1;32mINFO[0m - Application exited with status 0.
2025-11-02 20:46:20 - clipse_gui.tray_manager - DEBUG - Showing tray icon
2025-11-02 20:46:20 - clipse_gui.data_manager - DEBUG - Loaded 7 items from /home/shorin/.config/clipse/clipboard_history.json
2025-11-02 20:47:53 - [1;34m__main__[0m - [1;32mINFO[0m - Logging initialized - Console: INFO, File: DEBUG. Log file: /home/shorin/.config/clipse-gui/clipse-gui.log
2025-11-02 20:47:53 - clipse_gui.app - DEBUG - Application already active - presenting existing window.
2025-11-02 20:47:53 - [1;34m__main__[0m - [1;32mINFO[0m - Application exited with status 0.
2025-11-02 20:48:24 - [1;34m__main__[0m - [1;32mINFO[0m - Logging initialized - Console: INFO, File: DEBUG. Log file: /home/shorin/.config/clipse-gui/clipse-gui.log
2025-11-02 20:48:24 - clipse_gui.app - DEBUG - Application already active - presenting existing window.
2025-11-02 20:48:24 - [1;34m__main__[0m - [1;32mINFO[0m - Application exited with status 0.
2025-11-02 20:48:37 - clipse_gui.tray_manager - DEBUG - Showing tray icon
2025-11-02 20:48:37 - clipse_gui.data_manager - DEBUG - Loaded 7 items from /home/shorin/.config/clipse/clipboard_history.json
2025-11-02 20:49:00 - [1;34m__main__[0m - [1;32mINFO[0m - Logging initialized - Console: INFO, File: DEBUG. Log file: /home/shorin/.config/clipse-gui/clipse-gui.log
2025-11-02 20:49:00 - clipse_gui.app - DEBUG - Application already active - presenting existing window.
2025-11-02 20:49:00 - [1;34m__main__[0m - [1;32mINFO[0m - Application exited with status 0.
2025-11-02 20:49:01 - clipse_gui.tray_manager - DEBUG - Showing tray icon
2025-11-02 20:49:02 - clipse_gui.data_manager - DEBUG - Loaded 7 items from /home/shorin/.config/clipse/clipboard_history.json
2025-11-02 20:49:03 - [1;34m__main__[0m - [1;32mINFO[0m - Logging initialized - Console: INFO, File: DEBUG. Log file: /home/shorin/.config/clipse-gui/clipse-gui.log
2025-11-02 20:49:03 - clipse_gui.app - DEBUG - Application already active - presenting existing window.
2025-11-02 20:49:03 - [1;34m__main__[0m - [1;32mINFO[0m - Application exited with status 0.
2025-11-02 20:49:08 - clipse_gui.tray_manager - DEBUG - Showing tray icon
2025-11-02 20:49:08 - clipse_gui.data_manager - DEBUG - Loaded 7 items from /home/shorin/.config/clipse/clipboard_history.json
2025-11-02 20:49:21 - [1;34m__main__[0m - [1;32mINFO[0m - Logging initialized - Console: INFO, File: DEBUG. Log file: /home/shorin/.config/clipse-gui/clipse-gui.log
2025-11-02 20:49:22 - [1;34m__main__[0m - [1;32mINFO[0m - Application exited with status 0.
2025-11-02 20:49:22 - clipse_gui.app - DEBUG - Application already active - presenting existing window.
2025-11-02 20:50:02 - clipse_gui.tray_manager - DEBUG - Showing tray icon
2025-11-02 20:50:02 - clipse_gui.data_manager - DEBUG - Loaded 7 items from /home/shorin/.config/clipse/clipboard_history.json
2025-11-02 20:50:03 - [1;34m__main__[0m - [1;32mINFO[0m - Logging initialized - Console: INFO, File: DEBUG. Log file: /home/shorin/.config/clipse-gui/clipse-gui.log
2025-11-02 20:50:03 - clipse_gui.app - DEBUG - Application already active - presenting existing window.
2025-11-02 20:50:03 - [1;34m__main__[0m - [1;32mINFO[0m - Application exited with status 0.
2025-11-02 20:50:04 - clipse_gui.tray_manager - DEBUG - Showing tray icon
2025-11-02 20:50:04 - clipse_gui.data_manager - DEBUG - Loaded 7 items from /home/shorin/.config/clipse/clipboard_history.json
2025-11-02 20:50:05 - [1;34m__main__[0m - [1;32mINFO[0m - Logging initialized - Console: INFO, File: DEBUG. Log file: /home/shorin/.config/clipse-gui/clipse-gui.log
2025-11-02 20:50:05 - clipse_gui.app - DEBUG - Application already active - presenting existing window.
2025-11-02 20:50:05 - [1;34m__main__[0m - [1;32mINFO[0m - Application exited with status 0.
2025-11-02 20:50:06 - clipse_gui.tray_manager - DEBUG - Showing tray icon
2025-11-02 20:50:06 - clipse_gui.data_manager - DEBUG - Loaded 7 items from /home/shorin/.config/clipse/clipboard_history.json
2025-11-02 20:51:34 - [1;34m__main__[0m - [1;32mINFO[0m - Logging initialized - Console: INFO, File: DEBUG. Log file: /home/shorin/.config/clipse-gui/clipse-gui.log
2025-11-02 20:51:34 - clipse_gui.app - DEBUG - Application already active - presenting existing window.
2025-11-02 20:51:34 - [1;34m__main__[0m - [1;32mINFO[0m - Application exited with status 0.
2025-11-02 20:51:35 - clipse_gui.tray_manager - DEBUG - Showing tray icon
2025-11-02 20:51:35 - clipse_gui.data_manager - DEBUG - Loaded 7 items from /home/shorin/.config/clipse/clipboard_history.json
2025-11-02 20:51:45 - [1;34m__main__[0m - [1;32mINFO[0m - Logging initialized - Console: INFO, File: DEBUG. Log file: /home/shorin/.config/clipse-gui/clipse-gui.log
2025-11-02 20:51:45 - clipse_gui.app - DEBUG - Application already active - presenting existing window.
2025-11-02 20:51:45 - [1;34m__main__[0m - [1;32mINFO[0m - Application exited with status 0.
2025-11-02 20:51:46 - clipse_gui.tray_manager - DEBUG - Showing tray icon
2025-11-02 20:51:46 - clipse_gui.data_manager - DEBUG - Loaded 7 items from /home/shorin/.config/clipse/clipboard_history.json
2025-11-02 20:52:17 - [1;34m__main__[0m - [1;32mINFO[0m - Logging initialized - Console: INFO, File: DEBUG. Log file: /home/shorin/.config/clipse-gui/clipse-gui.log
2025-11-02 20:52:17 - clipse_gui.app - DEBUG - Application already active - presenting existing window.
2025-11-02 20:52:17 - [1;34m__main__[0m - [1;32mINFO[0m - Application exited with status 0.
2025-11-02 20:52:19 - clipse_gui.tray_manager - DEBUG - Showing tray icon
2025-11-02 20:52:19 - clipse_gui.data_manager - DEBUG - Loaded 7 items from /home/shorin/.config/clipse/clipboard_history.json
2025-11-02 20:52:29 - [1;34m__main__[0m - [1;32mINFO[0m - Logging initialized - Console: INFO, File: DEBUG. Log file: /home/shorin/.config/clipse-gui/clipse-gui.log
2025-11-02 20:52:29 - clipse_gui.app - DEBUG - Application already active - presenting existing window.
2025-11-02 20:52:29 - [1;34m__main__[0m - [1;32mINFO[0m - Application exited with status 0.
2025-11-02 20:52:30 - clipse_gui.tray_manager - DEBUG - Showing tray icon
2025-11-02 20:52:30 - clipse_gui.data_manager - DEBUG - Loaded 7 items from /home/shorin/.config/clipse/clipboard_history.json
2025-11-02 20:52:30 - [1;34m__main__[0m - [1;32mINFO[0m - Logging initialized - Console: INFO, File: DEBUG. Log file: /home/shorin/.config/clipse-gui/clipse-gui.log
2025-11-02 20:52:31 - clipse_gui.app - DEBUG - Application already active - presenting existing window.
2025-11-02 20:52:31 - [1;34m__main__[0m - [1;32mINFO[0m - Application exited with status 0.
2025-11-02 20:52:32 - clipse_gui.tray_manager - DEBUG - Showing tray icon
2025-11-02 20:52:32 - clipse_gui.data_manager - DEBUG - Loaded 7 items from /home/shorin/.config/clipse/clipboard_history.json
2025-11-02 20:52:45 - [1;34m__main__[0m - [1;32mINFO[0m - Logging initialized - Console: INFO, File: DEBUG. Log file: /home/shorin/.config/clipse-gui/clipse-gui.log
2025-11-02 20:52:45 - clipse_gui.app - DEBUG - Application org.d7om.ClipseGUI starting up.
2025-11-02 20:52:45 - clipse_gui.app - DEBUG - Activating application - creating main window.
2025-11-02 20:52:45 - clipse_gui.controller - DEBUG - Detected session type: Wayland
2025-11-02 20:52:45 - clipse_gui.data_manager - DEBUG - DataManager initialized with history file: /home/shorin/.config/clipse/clipboard_history.json
2025-11-02 20:52:45 - clipse_gui.ui_builder - DEBUG - Building main window UI content.
2025-11-02 20:52:45 - clipse_gui.controller - DEBUG - Connecting signals.
2025-11-02 20:52:45 - clipse_gui.controller - DEBUG - Creating and adding application CSS provider.
2025-11-02 20:52:45 - clipse_gui.data_manager - DEBUG - Loaded 7 items from /home/shorin/.config/clipse/clipboard_history.json
2025-11-02 20:52:45 - clipse_gui.data_manager - DEBUG - Starting history watcher for /home/shorin/.config/clipse/clipboard_history.json every 300ms
2025-11-02 20:52:45 - clipse_gui.controller - DEBUG - Zoom updated to 1.00
2025-11-02 20:52:45 - clipse_gui.controller - DEBUG - Populating initial 0 rows.
2025-11-02 20:52:45 - clipse_gui.app - DEBUG - Main window created and shown.
2025-11-02 20:52:45 - clipse_gui.controller - DEBUG - Populating initial 7 rows.
2025-11-02 20:52:45 - clipse_gui.controller - DEBUG - Creating rows from filtered index 0 to 6
2025-11-02 20:52:53 - clipse_gui.tray_manager - DEBUG - AppIndicator created and set to ACTIVE
2025-11-02 20:52:53 - clipse_gui.tray_manager - DEBUG - Showing tray icon
2025-11-02 20:52:53 - clipse_gui.data_manager - DEBUG - Loaded 7 items from /home/shorin/.config/clipse/clipboard_history.json
2025-11-02 20:52:56 - [1;34m__main__[0m - [1;32mINFO[0m - Logging initialized - Console: INFO, File: DEBUG. Log file: /home/shorin/.config/clipse-gui/clipse-gui.log
2025-11-02 20:52:57 - [1;34m__main__[0m - [1;32mINFO[0m - Application exited with status 0.
2025-11-02 20:52:57 - clipse_gui.app - DEBUG - Application already active - presenting existing window.
2025-11-02 20:52:58 - clipse_gui.tray_manager - DEBUG - Showing tray icon
2025-11-02 20:52:59 - clipse_gui.data_manager - DEBUG - Loaded 7 items from /home/shorin/.config/clipse/clipboard_history.json
2025-11-02 20:53:01 - [1;34m__main__[0m - [1;32mINFO[0m - Logging initialized - Console: INFO, File: DEBUG. Log file: /home/shorin/.config/clipse-gui/clipse-gui.log
2025-11-02 20:53:01 - clipse_gui.app - DEBUG - Application already active - presenting existing window.
2025-11-02 20:53:01 - [1;34m__main__[0m - [1;32mINFO[0m - Application exited with status 0.
2025-11-02 20:53:03 - clipse_gui.tray_manager - DEBUG - Showing tray icon
2025-11-02 20:53:03 - clipse_gui.data_manager - DEBUG - Loaded 7 items from /home/shorin/.config/clipse/clipboard_history.json
2025-11-02 20:53:13 - [1;34m__main__[0m - [1;32mINFO[0m - Logging initialized - Console: INFO, File: DEBUG. Log file: /home/shorin/.config/clipse-gui/clipse-gui.log
2025-11-02 20:53:13 - clipse_gui.app - DEBUG - Application already active - presenting existing window.
2025-11-02 20:53:13 - [1;34m__main__[0m - [1;32mINFO[0m - Application exited with status 0.
2025-11-02 20:53:13 - clipse_gui.tray_manager - DEBUG - Showing tray icon
2025-11-02 20:53:14 - clipse_gui.data_manager - DEBUG - Loaded 7 items from /home/shorin/.config/clipse/clipboard_history.json
2025-11-02 20:53:16 - clipse_gui.app - DEBUG - Application org.d7om.ClipseGUI shutting down.
2025-11-02 20:53:16 - [1;34m__main__[0m - [1;32mINFO[0m - Application exited with status 0.
2025-11-02 20:53:16 - [1;34m__main__[0m - [1;32mINFO[0m - Logging initialized - Console: INFO, File: DEBUG. Log file: /home/shorin/.config/clipse-gui/clipse-gui.log
2025-11-02 20:53:16 - clipse_gui.app - DEBUG - Application org.d7om.ClipseGUI starting up.
2025-11-02 20:53:16 - clipse_gui.app - DEBUG - Activating application - creating main window.
2025-11-02 20:53:16 - clipse_gui.controller - DEBUG - Detected session type: Wayland
2025-11-02 20:53:16 - clipse_gui.data_manager - DEBUG - DataManager initialized with history file: /home/shorin/.config/clipse/clipboard_history.json
2025-11-02 20:53:16 - clipse_gui.ui_builder - DEBUG - Building main window UI content.
2025-11-02 20:53:16 - clipse_gui.controller - DEBUG - Connecting signals.
2025-11-02 20:53:16 - clipse_gui.controller - DEBUG - Creating and adding application CSS provider.
2025-11-02 20:53:16 - clipse_gui.data_manager - DEBUG - Loaded 7 items from /home/shorin/.config/clipse/clipboard_history.json
2025-11-02 20:53:16 - clipse_gui.data_manager - DEBUG - Starting history watcher for /home/shorin/.config/clipse/clipboard_history.json every 300ms
2025-11-02 20:53:16 - clipse_gui.controller - DEBUG - Zoom updated to 1.00
2025-11-02 20:53:16 - clipse_gui.controller - DEBUG - Populating initial 0 rows.
2025-11-02 20:53:16 - clipse_gui.app - DEBUG - Main window created and shown.
2025-11-02 20:53:16 - clipse_gui.controller - DEBUG - Populating initial 7 rows.
2025-11-02 20:53:16 - clipse_gui.controller - DEBUG - Creating rows from filtered index 0 to 6
2025-11-02 20:53:20 - clipse_gui.tray_manager - DEBUG - AppIndicator created and set to ACTIVE
2025-11-02 20:53:20 - clipse_gui.tray_manager - DEBUG - Showing tray icon
2025-11-02 20:53:20 - clipse_gui.data_manager - DEBUG - Loaded 7 items from /home/shorin/.config/clipse/clipboard_history.json
2025-11-02 20:53:21 - [1;34m__main__[0m - [1;32mINFO[0m - Logging initialized - Console: INFO, File: DEBUG. Log file: /home/shorin/.config/clipse-gui/clipse-gui.log
2025-11-02 20:53:21 - clipse_gui.app - DEBUG - Application already active - presenting existing window.
2025-11-02 20:53:21 - [1;34m__main__[0m - [1;32mINFO[0m - Application exited with status 0.
2025-11-02 20:53:21 - clipse_gui.tray_manager - DEBUG - Showing tray icon
2025-11-02 20:53:21 - clipse_gui.data_manager - DEBUG - Loaded 7 items from /home/shorin/.config/clipse/clipboard_history.json
2025-11-02 20:53:22 - [1;34m__main__[0m - [1;32mINFO[0m - Logging initialized - Console: INFO, File: DEBUG. Log file: /home/shorin/.config/clipse-gui/clipse-gui.log
2025-11-02 20:53:22 - clipse_gui.app - DEBUG - Application already active - presenting existing window.
2025-11-02 20:53:22 - [1;34m__main__[0m - [1;32mINFO[0m - Application exited with status 0.
2025-11-02 20:53:25 - clipse_gui.tray_manager - DEBUG - Showing tray icon
2025-11-02 20:53:25 - clipse_gui.data_manager - DEBUG - Loaded 7 items from /home/shorin/.config/clipse/clipboard_history.json
2025-11-02 20:53:37 - clipse_gui.app - DEBUG - Application org.d7om.ClipseGUI shutting down.
2025-11-02 20:53:37 - [1;34m__main__[0m - [1;32mINFO[0m - Application exited with status 0.
2025-11-02 20:53:38 - [1;34m__main__[0m - [1;32mINFO[0m - Logging initialized - Console: INFO, File: DEBUG. Log file: /home/shorin/.config/clipse-gui/clipse-gui.log
2025-11-02 20:53:38 - clipse_gui.app - DEBUG - Application org.d7om.ClipseGUI starting up.
2025-11-02 20:53:38 - clipse_gui.app - DEBUG - Activating application - creating main window.
2025-11-02 20:53:38 - clipse_gui.controller - DEBUG - Detected session type: Wayland
2025-11-02 20:53:38 - clipse_gui.data_manager - DEBUG - DataManager initialized with history file: /home/shorin/.config/clipse/clipboard_history.json
2025-11-02 20:53:38 - clipse_gui.ui_builder - DEBUG - Building main window UI content.
2025-11-02 20:53:38 - clipse_gui.controller - DEBUG - Connecting signals.
2025-11-02 20:53:38 - clipse_gui.controller - DEBUG - Creating and adding application CSS provider.
2025-11-02 20:53:38 - clipse_gui.data_manager - DEBUG - Loaded 7 items from /home/shorin/.config/clipse/clipboard_history.json
2025-11-02 20:53:38 - clipse_gui.data_manager - DEBUG - Starting history watcher for /home/shorin/.config/clipse/clipboard_history.json every 300ms
2025-11-02 20:53:38 - clipse_gui.controller - DEBUG - Zoom updated to 1.00
2025-11-02 20:53:38 - clipse_gui.controller - DEBUG - Populating initial 0 rows.
2025-11-02 20:53:38 - clipse_gui.app - DEBUG - Main window created and shown.
2025-11-02 20:53:38 - clipse_gui.controller - DEBUG - Populating initial 7 rows.
2025-11-02 20:53:38 - clipse_gui.controller - DEBUG - Creating rows from filtered index 0 to 6
2025-11-02 20:53:43 - clipse_gui.tray_manager - DEBUG - AppIndicator created and set to ACTIVE
2025-11-02 20:53:43 - clipse_gui.tray_manager - DEBUG - Showing tray icon
2025-11-02 20:53:43 - clipse_gui.data_manager - DEBUG - Loaded 7 items from /home/shorin/.config/clipse/clipboard_history.json
2025-11-02 20:53:53 - clipse_gui.app - DEBUG - Application org.d7om.ClipseGUI shutting down.
2025-11-02 20:53:53 - [1;34m__main__[0m - [1;32mINFO[0m - Application exited with status 0.
2025-11-02 20:53:54 - [1;34m__main__[0m - [1;32mINFO[0m - Logging initialized - Console: INFO, File: DEBUG. Log file: /home/shorin/.config/clipse-gui/clipse-gui.log
2025-11-02 20:53:54 - clipse_gui.app - DEBUG - Application org.d7om.ClipseGUI starting up.
2025-11-02 20:53:54 - clipse_gui.app - DEBUG - Activating application - creating main window.
2025-11-02 20:53:54 - clipse_gui.controller - DEBUG - Detected session type: Wayland
2025-11-02 20:53:54 - clipse_gui.data_manager - DEBUG - DataManager initialized with history file: /home/shorin/.config/clipse/clipboard_history.json
2025-11-02 20:53:54 - clipse_gui.ui_builder - DEBUG - Building main window UI content.
2025-11-02 20:53:54 - clipse_gui.controller - DEBUG - Connecting signals.
2025-11-02 20:53:54 - clipse_gui.controller - DEBUG - Creating and adding application CSS provider.
2025-11-02 20:53:54 - clipse_gui.data_manager - DEBUG - Loaded 7 items from /home/shorin/.config/clipse/clipboard_history.json
2025-11-02 20:53:54 - clipse_gui.data_manager - DEBUG - Starting history watcher for /home/shorin/.config/clipse/clipboard_history.json every 300ms
2025-11-02 20:53:54 - clipse_gui.controller - DEBUG - Zoom updated to 1.00
2025-11-02 20:53:54 - clipse_gui.controller - DEBUG - Populating initial 0 rows.
2025-11-02 20:53:54 - clipse_gui.app - DEBUG - Main window created and shown.
2025-11-02 20:53:54 - clipse_gui.controller - DEBUG - Populating initial 7 rows.
2025-11-02 20:53:54 - clipse_gui.controller - DEBUG - Creating rows from filtered index 0 to 6
2025-11-02 20:54:00 - clipse_gui.tray_manager - DEBUG - AppIndicator created and set to ACTIVE
2025-11-02 20:54:00 - clipse_gui.tray_manager - DEBUG - Showing tray icon
2025-11-02 20:54:00 - clipse_gui.data_manager - DEBUG - Loaded 7 items from /home/shorin/.config/clipse/clipboard_history.json
2025-11-02 20:54:03 - [1;34m__main__[0m - [1;32mINFO[0m - Logging initialized - Console: INFO, File: DEBUG. Log file: /home/shorin/.config/clipse-gui/clipse-gui.log
2025-11-02 20:54:03 - clipse_gui.app - DEBUG - Application already active - presenting existing window.
2025-11-02 20:54:03 - [1;34m__main__[0m - [1;32mINFO[0m - Application exited with status 0.
2025-11-02 20:54:04 - clipse_gui.tray_manager - DEBUG - Showing tray icon
2025-11-02 20:54:04 - clipse_gui.data_manager - DEBUG - Loaded 7 items from /home/shorin/.config/clipse/clipboard_history.json
2025-11-02 20:54:10 - [1;34m__main__[0m - [1;32mINFO[0m - Logging initialized - Console: INFO, File: DEBUG. Log file: /home/shorin/.config/clipse-gui/clipse-gui.log
2025-11-02 20:54:10 - clipse_gui.app - DEBUG - Application already active - presenting existing window.
2025-11-02 20:54:10 - [1;34m__main__[0m - [1;32mINFO[0m - Application exited with status 0.
2025-11-02 20:54:11 - clipse_gui.tray_manager - DEBUG - Showing tray icon
2025-11-02 20:54:11 - clipse_gui.data_manager - DEBUG - Loaded 7 items from /home/shorin/.config/clipse/clipboard_history.json
2025-11-02 20:54:14 - [1;34m__main__[0m - [1;32mINFO[0m - Logging initialized - Console: INFO, File: DEBUG. Log file: /home/shorin/.config/clipse-gui/clipse-gui.log
2025-11-02 20:54:14 - clipse_gui.app - DEBUG - Application already active - presenting existing window.
2025-11-02 20:54:14 - [1;34m__main__[0m - [1;32mINFO[0m - Application exited with status 0.
2025-11-02 20:54:16 - clipse_gui.tray_manager - DEBUG - Showing tray icon
2025-11-02 20:54:16 - clipse_gui.data_manager - DEBUG - Loaded 7 items from /home/shorin/.config/clipse/clipboard_history.json
2025-11-02 20:54:17 - [1;34m__main__[0m - [1;32mINFO[0m - Logging initialized - Console: INFO, File: DEBUG. Log file: /home/shorin/.config/clipse-gui/clipse-gui.log
2025-11-02 20:54:17 - clipse_gui.app - DEBUG - Application already active - presenting existing window.
2025-11-02 20:54:17 - [1;34m__main__[0m - [1;32mINFO[0m - Application exited with status 0.
2025-11-02 20:54:20 - clipse_gui.tray_manager - DEBUG - Showing tray icon
2025-11-02 20:54:20 - clipse_gui.data_manager - DEBUG - Loaded 7 items from /home/shorin/.config/clipse/clipboard_history.json
2025-11-02 20:55:04 - clipse_gui.data_manager - DEBUG - History file change detected (/home/shorin/.config/clipse/clipboard_history.json). Reloading...
2025-11-02 20:55:04 - clipse_gui.data_manager - DEBUG - Loaded 8 items from /home/shorin/.config/clipse/clipboard_history.json
2025-11-02 20:55:04 - clipse_gui.controller - DEBUG - Received history update signal from DataManager.
2025-11-02 20:55:04 - clipse_gui.controller - DEBUG - Populating initial 8 rows.
2025-11-02 20:55:04 - clipse_gui.controller - DEBUG - Creating rows from filtered index 0 to 7
2025-11-02 20:55:14 - clipse_gui.data_manager - DEBUG - History file change detected (/home/shorin/.config/clipse/clipboard_history.json). Reloading...
2025-11-02 20:55:14 - clipse_gui.data_manager - DEBUG - Loaded 9 items from /home/shorin/.config/clipse/clipboard_history.json
2025-11-02 20:55:14 - clipse_gui.controller - DEBUG - Received history update signal from DataManager.
2025-11-02 20:55:14 - clipse_gui.controller - DEBUG - Populating initial 9 rows.
2025-11-02 20:55:14 - clipse_gui.controller - DEBUG - Creating rows from filtered index 0 to 8
2025-11-02 20:55:34 - clipse_gui.data_manager - DEBUG - History file change detected (/home/shorin/.config/clipse/clipboard_history.json). Reloading...
2025-11-02 20:55:34 - clipse_gui.data_manager - DEBUG - Loaded 10 items from /home/shorin/.config/clipse/clipboard_history.json
2025-11-02 20:55:34 - clipse_gui.controller - DEBUG - Received history update signal from DataManager.
2025-11-02 20:55:34 - clipse_gui.controller - DEBUG - Populating initial 10 rows.
2025-11-02 20:55:34 - clipse_gui.controller - DEBUG - Creating rows from filtered index 0 to 9
2025-11-02 20:56:16 - clipse_gui.data_manager - DEBUG - History file change detected (/home/shorin/.config/clipse/clipboard_history.json). Reloading...
2025-11-02 20:56:16 - clipse_gui.data_manager - DEBUG - Loaded 11 items from /home/shorin/.config/clipse/clipboard_history.json
2025-11-02 20:56:16 - clipse_gui.controller - DEBUG - Received history update signal from DataManager.
2025-11-02 20:56:16 - clipse_gui.controller - DEBUG - Populating initial 11 rows.
2025-11-02 20:56:16 - clipse_gui.controller - DEBUG - Creating rows from filtered index 0 to 10
2025-11-02 20:57:24 - clipse_gui.data_manager - DEBUG - History file change detected (/home/shorin/.config/clipse/clipboard_history.json). Reloading...
2025-11-02 20:57:24 - clipse_gui.data_manager - DEBUG - Loaded 11 items from /home/shorin/.config/clipse/clipboard_history.json
2025-11-02 20:57:24 - clipse_gui.controller - DEBUG - Received history update signal from DataManager.
2025-11-02 20:57:24 - clipse_gui.controller - DEBUG - Populating initial 11 rows.
2025-11-02 20:57:24 - clipse_gui.controller - DEBUG - Creating rows from filtered index 0 to 10
